<?xml version="1.0" encoding="utf-8"?><testsuites name="pytest tests"><testsuite name="pytest" errors="0" failures="3" skipped="1" tests="18" time="750.950" timestamp="2025-09-15T14:14:37.484686+00:00" hostname="a7b901174d8d"><testcase classname="src.test_document_workflow.TestDocumentWorkflow" name="test_complete_document_processing_workflow" time="302.998"><failure message="AssertionError: Did not observe expected UI message status='rag_processing', process_step='pipeline_start' within 300s; last_status='active', last_step='None'">src/test_document_workflow.py:116: in test_complete_document_processing_workflow
    _ = next(seq)
        ^^^^^^^^^
src/services/redis_test_monitor.py:430: in iter_ui_sequence
    raise AssertionError(
E   AssertionError: Did not observe expected UI message status='rag_processing', process_step='pipeline_start' within 300s; last_status='active', last_step='None'</failure></testcase><testcase classname="src.test_document_workflow.TestDocumentWorkflow" name="test_multiple_document_upload_workflow" time="300.589"><failure message="AssertionError: Did not observe expected UI message status='rag_processing', process_step='pipeline_start' within 300s; last_status='active', last_step='None'">src/test_document_workflow.py:267: in test_multiple_document_upload_workflow
    _ = next(seq)
        ^^^^^^^^^
src/services/redis_test_monitor.py:430: in iter_ui_sequence
    raise AssertionError(
E   AssertionError: Did not observe expected UI message status='rag_processing', process_step='pipeline_start' within 300s; last_status='active', last_step='None'</failure></testcase><testcase classname="src.test_document_workflow.TestDocumentWorkflow" name="test_document_upload_error_handling" time="0.049" /><testcase classname="src.test_document_workflow.TestDocumentWorkflowEdgeCases" name="test_concurrent_document_uploads" time="0.124" /><testcase classname="src.test_neo4j_drift_search" name="test_seed_data_loaded" time="9.881" /><testcase classname="src.test_neo4j_drift_search" name="test_indexes_exist" time="0.096" /><testcase classname="src.test_neo4j_drift_search" name="test_embeddings_written" time="0.116" /><testcase classname="src.test_neo4j_drift_search" name="test_indexes_queryable" time="0.225" /><testcase classname="src.test_neo4j_drift_search" name="test_drop_test_db_conditional" time="0.509"><skipped type="pytest.skip" message="Database creation not permitted; skipping DB drop test">/e2e-tests/src/test_neo4j_drift_search.py:207: Database creation not permitted; skipping DB drop test</skipped></testcase><testcase classname="src.test_neo4j_drift_search" name="test_retrieval_service_end_to_end_requests_recorded" time="6.045" /><testcase classname="src.test_services_health.TestServicesHealth" name="test_postgres_connectivity" time="0.012" /><testcase classname="src.test_services_health.TestServicesHealth" name="test_neo4j_connectivity" time="0.100" /><testcase classname="src.test_services_health.TestServicesHealth" name="test_celery_health_endpoint" time="9.164" /><testcase classname="src.test_services_health.TestServicesHealth" name="test_all_services_accessible" time="0.031" /><testcase classname="src.test_services_health.TestDatabaseIntegrity" name="test_postgres_schema_exists" time="0.031" /><testcase classname="src.test_services_health.TestDatabaseIntegrity" name="test_neo4j_database_accessible" time="0.045" /><testcase classname="src.test_services_health.TestDatabaseIntegrity" name="test_redis_info" time="0.004" /><testcase classname="src.test_ui_workflow.TestUIRequirementsWorkflow" name="test_ui_end_to_end_requirements_workflow" time="120.461"><failure message="AssertionError: Did not observe expected UI message status='rag_processing', process_step='None' within 120s; last_status='active', last_step='None'">src/test_ui_workflow.py:83: in test_ui_end_to_end_requirements_workflow
    _ = next(seq)
        ^^^^^^^^^
src/services/redis_test_monitor.py:430: in iter_ui_sequence
    raise AssertionError(
E   AssertionError: Did not observe expected UI message status='rag_processing', process_step='None' within 120s; last_status='active', last_step='None'</failure></testcase></testsuite></testsuites>