<?xml version="1.0" encoding="utf-8"?><testsuites name="pytest tests"><testsuite name="pytest" errors="0" failures="3" skipped="1" tests="18" time="753.481" timestamp="2025-09-16T11:29:16.746623+00:00" hostname="6e4f4c2db0b6"><testcase classname="src.test_document_workflow.TestDocumentWorkflow" name="test_complete_document_processing_workflow" time="303.336"><failure message="AssertionError: Did not observe expected UI message status='rag_processing', process_step='pipeline_start' within 300s; last_status='active', last_step='None'">src/test_document_workflow.py:89: in test_complete_document_processing_workflow
    _ = next(seq)
        ^^^^^^^^^
src/services/redis_test_monitor.py:430: in iter_ui_sequence
    raise AssertionError(
E   AssertionError: Did not observe expected UI message status='rag_processing', process_step='pipeline_start' within 300s; last_status='active', last_step='None'</failure></testcase><testcase classname="src.test_document_workflow.TestDocumentWorkflow" name="test_multiple_document_upload_workflow" time="300.604"><failure message="AssertionError: Did not observe expected UI message status='rag_processing', process_step='pipeline_start' within 300s; last_status='active', last_step='None'">src/test_document_workflow.py:193: in test_multiple_document_upload_workflow
    _ = next(seq)
        ^^^^^^^^^
src/services/redis_test_monitor.py:430: in iter_ui_sequence
    raise AssertionError(
E   AssertionError: Did not observe expected UI message status='rag_processing', process_step='pipeline_start' within 300s; last_status='active', last_step='None'</failure></testcase><testcase classname="src.test_document_workflow.TestDocumentWorkflow" name="test_document_upload_error_handling" time="0.044" /><testcase classname="src.test_document_workflow.TestDocumentWorkflowEdgeCases" name="test_concurrent_document_uploads" time="0.115" /><testcase classname="src.test_neo4j_drift_search" name="test_seed_data_loaded" time="12.238" /><testcase classname="src.test_neo4j_drift_search" name="test_indexes_exist" time="0.111" /><testcase classname="src.test_neo4j_drift_search" name="test_embeddings_written" time="0.122" /><testcase classname="src.test_neo4j_drift_search" name="test_indexes_queryable" time="0.247" /><testcase classname="src.test_neo4j_drift_search" name="test_drop_test_db_conditional" time="0.572"><skipped type="pytest.skip" message="Database creation not permitted; skipping DB drop test">/e2e-tests/src/test_neo4j_drift_search.py:207: Database creation not permitted; skipping DB drop test</skipped></testcase><testcase classname="src.test_neo4j_drift_search" name="test_retrieval_service_end_to_end_requests_recorded" time="5.656" /><testcase classname="src.test_services_health.TestServicesHealth" name="test_postgres_connectivity" time="0.017" /><testcase classname="src.test_services_health.TestServicesHealth" name="test_neo4j_connectivity" time="0.125" /><testcase classname="src.test_services_health.TestServicesHealth" name="test_celery_health_endpoint" time="9.136" /><testcase classname="src.test_services_health.TestServicesHealth" name="test_all_services_accessible" time="0.029" /><testcase classname="src.test_services_health.TestDatabaseIntegrity" name="test_postgres_schema_exists" time="0.027" /><testcase classname="src.test_services_health.TestDatabaseIntegrity" name="test_neo4j_database_accessible" time="0.055" /><testcase classname="src.test_services_health.TestDatabaseIntegrity" name="test_redis_info" time="0.004" /><testcase classname="src.test_ui_workflow.TestUIRequirementsWorkflow" name="test_ui_end_to_end_requirements_workflow" time="120.468"><failure message="AssertionError: Did not observe expected UI message status='rag_processing', process_step='None' within 120s; last_status='active', last_step='None'">src/test_ui_workflow.py:83: in test_ui_end_to_end_requirements_workflow
    _ = next(seq)
        ^^^^^^^^^
src/services/redis_test_monitor.py:430: in iter_ui_sequence
    raise AssertionError(
E   AssertionError: Did not observe expected UI message status='rag_processing', process_step='None' within 120s; last_status='active', last_step='None'</failure></testcase></testsuite></testsuites>